This is pdfTeX, Version 3.141592653-2.6-1.40.26 (MiKTeX 24.3.31) (preloaded format=pdflatex 2024.4.17)  21 MAY 2024 00:15
entering extended mode
 restricted \write18 enabled.
 file:line:error style messages enabled.
 %&-line parsing enabled.
**"c:/Users/RAYHAN EGAR/Documents/College/CIF62017 Pengantar Pembelajaran Mesin/Code PPM/Bntr-y-lg-diskusi/LaTeX/Final_Project_PPM.tex"
(c:/Users/RAYHAN EGAR/Documents/College/CIF62017 Pengantar Pembelajaran Mesin/Code PPM/Bntr-y-lg-diskusi/LaTeX/Final_Project_PPM.tex
LaTeX2e <2023-11-01> patch level 1
L3 programming layer <2024-03-14>
(IEEEtran.cls
Document Class: IEEEtran 2015/08/26 V1.8b by Michael Shell
-- See the "IEEEtran_HOWTO" manual for usage information.
-- http://www.michaelshell.org/tex/ieeetran/
\@IEEEtrantmpdimenA=\dimen140
\@IEEEtrantmpdimenB=\dimen141
\@IEEEtrantmpdimenC=\dimen142
\@IEEEtrantmpcountA=\count188
\@IEEEtrantmpcountB=\count189
\@IEEEtrantmpcountC=\count190
\@IEEEtrantmptoksA=\toks17
LaTeX Font Info:    Trying to load font information for OT1+ptm on input line 503.
(C:\Users\RAYHAN EGAR\AppData\Local\Programs\MiKTeX\tex/latex/psnfss\ot1ptm.fd
File: ot1ptm.fd 2001/06/04 font definitions for OT1/ptm.
)
-- Using 8.5in x 11in (letter) paper.
-- Using PDF output.
\@IEEEnormalsizeunitybaselineskip=\dimen143
-- This is a 10 point document.
\CLASSINFOnormalsizebaselineskip=\dimen144
\CLASSINFOnormalsizeunitybaselineskip=\dimen145
\IEEEnormaljot=\dimen146
LaTeX Font Info:    Font shape `OT1/ptm/bx/n' in size <5> not available
(Font)              Font shape `OT1/ptm/b/n' tried instead on input line 1090.
LaTeX Font Info:    Font shape `OT1/ptm/bx/it' in size <5> not available
(Font)              Font shape `OT1/ptm/b/it' tried instead on input line 1090.
LaTeX Font Info:    Font shape `OT1/ptm/bx/n' in size <7> not available
(Font)              Font shape `OT1/ptm/b/n' tried instead on input line 1090.
LaTeX Font Info:    Font shape `OT1/ptm/bx/it' in size <7> not available
(Font)              Font shape `OT1/ptm/b/it' tried instead on input line 1090.
LaTeX Font Info:    Font shape `OT1/ptm/bx/n' in size <8> not available
(Font)              Font shape `OT1/ptm/b/n' tried instead on input line 1090.
LaTeX Font Info:    Font shape `OT1/ptm/bx/it' in size <8> not available
(Font)              Font shape `OT1/ptm/b/it' tried instead on input line 1090.
LaTeX Font Info:    Font shape `OT1/ptm/bx/n' in size <9> not available
(Font)              Font shape `OT1/ptm/b/n' tried instead on input line 1090.
LaTeX Font Info:    Font shape `OT1/ptm/bx/it' in size <9> not available
(Font)              Font shape `OT1/ptm/b/it' tried instead on input line 1090.
LaTeX Font Info:    Font shape `OT1/ptm/bx/n' in size <10> not available
(Font)              Font shape `OT1/ptm/b/n' tried instead on input line 1090.
LaTeX Font Info:    Font shape `OT1/ptm/bx/it' in size <10> not available
(Font)              Font shape `OT1/ptm/b/it' tried instead on input line 1090.
LaTeX Font Info:    Font shape `OT1/ptm/bx/n' in size <11> not available
(Font)              Font shape `OT1/ptm/b/n' tried instead on input line 1090.
LaTeX Font Info:    Font shape `OT1/ptm/bx/it' in size <11> not available
(Font)              Font shape `OT1/ptm/b/it' tried instead on input line 1090.
LaTeX Font Info:    Font shape `OT1/ptm/bx/n' in size <12> not available
(Font)              Font shape `OT1/ptm/b/n' tried instead on input line 1090.
LaTeX Font Info:    Font shape `OT1/ptm/bx/it' in size <12> not available
(Font)              Font shape `OT1/ptm/b/it' tried instead on input line 1090.
LaTeX Font Info:    Font shape `OT1/ptm/bx/n' in size <17> not available
(Font)              Font shape `OT1/ptm/b/n' tried instead on input line 1090.
LaTeX Font Info:    Font shape `OT1/ptm/bx/it' in size <17> not available
(Font)              Font shape `OT1/ptm/b/it' tried instead on input line 1090.
LaTeX Font Info:    Font shape `OT1/ptm/bx/n' in size <20> not available
(Font)              Font shape `OT1/ptm/b/n' tried instead on input line 1090.
LaTeX Font Info:    Font shape `OT1/ptm/bx/it' in size <20> not available
(Font)              Font shape `OT1/ptm/b/it' tried instead on input line 1090.
LaTeX Font Info:    Font shape `OT1/ptm/bx/n' in size <24> not available
(Font)              Font shape `OT1/ptm/b/n' tried instead on input line 1090.
LaTeX Font Info:    Font shape `OT1/ptm/bx/it' in size <24> not available
(Font)              Font shape `OT1/ptm/b/it' tried instead on input line 1090.
\IEEEquantizedlength=\dimen147
\IEEEquantizedlengthdiff=\dimen148
\IEEEquantizedtextheightdiff=\dimen149
\IEEEilabelindentA=\dimen150
\IEEEilabelindentB=\dimen151
\IEEEilabelindent=\dimen152
\IEEEelabelindent=\dimen153
\IEEEdlabelindent=\dimen154
\IEEElabelindent=\dimen155
\IEEEiednormlabelsep=\dimen156
\IEEEiedmathlabelsep=\dimen157
\IEEEiedtopsep=\skip48
\c@section=\count191
\c@subsection=\count192
\c@subsubsection=\count193
\c@paragraph=\count194
\c@IEEEsubequation=\count195
\abovecaptionskip=\skip49
\belowcaptionskip=\skip50
\c@figure=\count196
\c@table=\count197
\@IEEEeqnnumcols=\count198
\@IEEEeqncolcnt=\count199
\@IEEEsubeqnnumrollback=\count266
\@IEEEquantizeheightA=\dimen158
\@IEEEquantizeheightB=\dimen159
\@IEEEquantizeheightC=\dimen160
\@IEEEquantizeprevdepth=\dimen161
\@IEEEquantizemultiple=\count267
\@IEEEquantizeboxA=\box51
\@IEEEtmpitemindent=\dimen162
\IEEEPARstartletwidth=\dimen163
\c@IEEEbiography=\count268
\@IEEEtranrubishbin=\box52
)
** ATTENTION: Overriding command lockouts (line 2).
(C:\Users\RAYHAN EGAR\AppData\Local\Programs\MiKTeX\tex/latex/cite\cite.sty
LaTeX Info: Redefining \cite on input line 302.
LaTeX Info: Redefining \nocite on input line 332.
Package: cite 2015/02/27  v 5.5
) (C:\Users\RAYHAN EGAR\AppData\Local\Programs\MiKTeX\tex/latex/amsmath\amsmath.sty
Package: amsmath 2023/05/13 v2.17o AMS math features
\@mathmargin=\skip51

For additional information on amsmath, use the `?' option.
(C:\Users\RAYHAN EGAR\AppData\Local\Programs\MiKTeX\tex/latex/amsmath\amstext.sty
Package: amstext 2021/08/26 v2.01 AMS text
 (C:\Users\RAYHAN EGAR\AppData\Local\Programs\MiKTeX\tex/latex/amsmath\amsgen.sty
File: amsgen.sty 1999/11/30 v2.0 generic functions
\@emptytoks=\toks18
\ex@=\dimen164
)) (C:\Users\RAYHAN EGAR\AppData\Local\Programs\MiKTeX\tex/latex/amsmath\amsbsy.sty
Package: amsbsy 1999/11/29 v1.2d Bold Symbols
\pmbraise@=\dimen165
) (C:\Users\RAYHAN EGAR\AppData\Local\Programs\MiKTeX\tex/latex/amsmath\amsopn.sty
Package: amsopn 2022/04/08 v2.04 operator names
)
\inf@bad=\count269
LaTeX Info: Redefining \frac on input line 234.
\uproot@=\count270
\leftroot@=\count271
LaTeX Info: Redefining \overline on input line 399.
LaTeX Info: Redefining \colon on input line 410.
\classnum@=\count272
\DOTSCASE@=\count273
LaTeX Info: Redefining \ldots on input line 496.
LaTeX Info: Redefining \dots on input line 499.
LaTeX Info: Redefining \cdots on input line 620.
\Mathstrutbox@=\box53
\strutbox@=\box54
LaTeX Info: Redefining \big on input line 722.
LaTeX Info: Redefining \Big on input line 723.
LaTeX Info: Redefining \bigg on input line 724.
LaTeX Info: Redefining \Bigg on input line 725.
\big@size=\dimen166
LaTeX Font Info:    Redeclaring font encoding OML on input line 743.
LaTeX Font Info:    Redeclaring font encoding OMS on input line 744.
\macc@depth=\count274
LaTeX Info: Redefining \bmod on input line 905.
LaTeX Info: Redefining \pmod on input line 910.
LaTeX Info: Redefining \smash on input line 940.
LaTeX Info: Redefining \relbar on input line 970.
LaTeX Info: Redefining \Relbar on input line 971.
\c@MaxMatrixCols=\count275
\dotsspace@=\muskip16
\c@parentequation=\count276
\dspbrk@lvl=\count277
\tag@help=\toks19
\row@=\count278
\column@=\count279
\maxfields@=\count280
\andhelp@=\toks20
\eqnshift@=\dimen167
\alignsep@=\dimen168
\tagshift@=\dimen169
\tagwidth@=\dimen170
\totwidth@=\dimen171
\lineht@=\dimen172
\@envbody=\toks21
\multlinegap=\skip52
\multlinetaggap=\skip53
\mathdisplay@stack=\toks22
LaTeX Info: Redefining \[ on input line 2953.
LaTeX Info: Redefining \] on input line 2954.
) (C:\Users\RAYHAN EGAR\AppData\Local\Programs\MiKTeX\tex/latex/amsfonts\amssymb.sty
Package: amssymb 2013/01/14 v3.01 AMS font symbols
 (C:\Users\RAYHAN EGAR\AppData\Local\Programs\MiKTeX\tex/latex/amsfonts\amsfonts.sty
Package: amsfonts 2013/01/14 v3.01 Basic AMSFonts support
\symAMSa=\mathgroup4
\symAMSb=\mathgroup5
LaTeX Font Info:    Redeclaring math symbol \hbar on input line 98.
LaTeX Font Info:    Overwriting math alphabet `\mathfrak' in version `bold'
(Font)                  U/euf/m/n --> U/euf/b/n on input line 106.
)) (C:\Users\RAYHAN EGAR\AppData\Local\Programs\MiKTeX\tex/latex/algorithms\algorithmic.sty
Package: algorithmic 2009/08/24 v0.1 Document Style `algorithmic'
 (C:\Users\RAYHAN EGAR\AppData\Local\Programs\MiKTeX\tex/latex/base\ifthen.sty
Package: ifthen 2022/04/13 v1.1d Standard LaTeX ifthen package (DPC)
) (C:\Users\RAYHAN EGAR\AppData\Local\Programs\MiKTeX\tex/latex/graphics\keyval.sty
Package: keyval 2022/05/29 v1.15 key=value parser (DPC)
\KV@toks@=\toks23
)
\c@ALC@unique=\count281
\c@ALC@line=\count282
\c@ALC@rem=\count283
\c@ALC@depth=\count284
\ALC@tlm=\skip54
\algorithmicindent=\skip55
) (C:\Users\RAYHAN EGAR\AppData\Local\Programs\MiKTeX\tex/latex/graphics\graphicx.sty
Package: graphicx 2021/09/16 v1.2d Enhanced LaTeX Graphics (DPC,SPQR)
 (C:\Users\RAYHAN EGAR\AppData\Local\Programs\MiKTeX\tex/latex/graphics\graphics.sty
Package: graphics 2022/03/10 v1.4e Standard LaTeX Graphics (DPC,SPQR)
 (C:\Users\RAYHAN EGAR\AppData\Local\Programs\MiKTeX\tex/latex/graphics\trig.sty
Package: trig 2021/08/11 v1.11 sin cos tan (DPC)
) (C:\Users\RAYHAN EGAR\AppData\Local\Programs\MiKTeX\tex/latex/graphics-cfg\graphics.cfg
File: graphics.cfg 2016/06/04 v1.11 sample graphics configuration
)
Package graphics Info: Driver file: pdftex.def on input line 107.
 (C:\Users\RAYHAN EGAR\AppData\Local\Programs\MiKTeX\tex/latex/graphics-def\pdftex.def
File: pdftex.def 2022/09/22 v1.2b Graphics/color driver for pdftex
))
\Gin@req@height=\dimen173
\Gin@req@width=\dimen174
) (C:\Users\RAYHAN EGAR\AppData\Local\Programs\MiKTeX\tex/latex/base\textcomp.sty
Package: textcomp 2020/02/02 v2.0n Standard LaTeX package
) (C:\Users\RAYHAN EGAR\AppData\Local\Programs\MiKTeX\tex/latex/xcolor\xcolor.sty
Package: xcolor 2023/11/15 v3.01 LaTeX color extensions (UK)
 (C:\Users\RAYHAN EGAR\AppData\Local\Programs\MiKTeX\tex/latex/graphics-cfg\color.cfg
File: color.cfg 2016/01/02 v1.6 sample color configuration
)
Package xcolor Info: Driver file: pdftex.def on input line 274.
 (C:\Users\RAYHAN EGAR\AppData\Local\Programs\MiKTeX\tex/latex/graphics\mathcolor.ltx)
Package xcolor Info: Model `cmy' substituted by `cmy0' on input line 1350.
Package xcolor Info: Model `hsb' substituted by `rgb' on input line 1354.
Package xcolor Info: Model `RGB' extended on input line 1366.
Package xcolor Info: Model `HTML' substituted by `rgb' on input line 1368.
Package xcolor Info: Model `Hsb' substituted by `hsb' on input line 1369.
Package xcolor Info: Model `tHsb' substituted by `hsb' on input line 1370.
Package xcolor Info: Model `HSB' substituted by `hsb' on input line 1371.
Package xcolor Info: Model `Gray' substituted by `gray' on input line 1372.
Package xcolor Info: Model `wave' substituted by `hsb' on input line 1373.
) (C:\Users\RAYHAN EGAR\AppData\Local\Programs\MiKTeX\tex/latex/l3backend\l3backend-pdftex.def
File: l3backend-pdftex.def 2024-03-14 L3 backend support: PDF output (pdfTeX)
\l__color_backend_stack_int=\count285
\l__pdf_internal_box=\box55
) (Final_Project_PPM.aux)
\openout1 = `Final_Project_PPM.aux'.

LaTeX Font Info:    Checking defaults for OML/cmm/m/it on input line 12.
LaTeX Font Info:    ... okay on input line 12.
LaTeX Font Info:    Checking defaults for OMS/cmsy/m/n on input line 12.
LaTeX Font Info:    ... okay on input line 12.
LaTeX Font Info:    Checking defaults for OT1/cmr/m/n on input line 12.
LaTeX Font Info:    ... okay on input line 12.
LaTeX Font Info:    Checking defaults for T1/cmr/m/n on input line 12.
LaTeX Font Info:    ... okay on input line 12.
LaTeX Font Info:    Checking defaults for TS1/cmr/m/n on input line 12.
LaTeX Font Info:    ... okay on input line 12.
LaTeX Font Info:    Checking defaults for OMX/cmex/m/n on input line 12.
LaTeX Font Info:    ... okay on input line 12.
LaTeX Font Info:    Checking defaults for U/cmr/m/n on input line 12.
LaTeX Font Info:    ... okay on input line 12.

-- Lines per column: 56 (exact).
(C:\Users\RAYHAN EGAR\AppData\Local\Programs\MiKTeX\tex/context/base/mkii\supp-pdf.mkii
[Loading MPS to PDF converter (version 2006.09.02).]
\scratchcounter=\count286
\scratchdimen=\dimen175
\scratchbox=\box56
\nofMPsegments=\count287
\nofMParguments=\count288
\everyMPshowfont=\toks24
\MPscratchCnt=\count289
\MPscratchDim=\dimen176
\MPnumerator=\count290
\makeMPintoPDFobject=\count291
\everyMPtoPDFconversion=\toks25
) (C:\Users\RAYHAN EGAR\AppData\Local\Programs\MiKTeX\tex/latex/epstopdf-pkg\epstopdf-base.sty
Package: epstopdf-base 2020-01-24 v2.11 Base part for package epstopdf
Package epstopdf-base Info: Redefining graphics rule for `.eps' on input line 485.
 (C:\Users\RAYHAN EGAR\AppData\Local\Programs\MiKTeX\tex/latex/00miktex\epstopdf-sys.cfg
File: epstopdf-sys.cfg 2021/03/18 v2.0 Configuration of epstopdf for MiKTeX
))
LaTeX Font Info:    Calculating math sizes for size <11> on input line 63.
LaTeX Font Info:    Trying to load font information for U+msa on input line 63.
 (C:\Users\RAYHAN EGAR\AppData\Local\Programs\MiKTeX\tex/latex/amsfonts\umsa.fd
File: umsa.fd 2013/01/14 v3.01 AMS symbols A
)
LaTeX Font Info:    Trying to load font information for U+msb on input line 63.
 (C:\Users\RAYHAN EGAR\AppData\Local\Programs\MiKTeX\tex/latex/amsfonts\umsb.fd
File: umsb.fd 2013/01/14 v3.01 AMS symbols B
) [1{C:/Users/RAYHAN EGAR/AppData/Local/MiKTeX/fonts/map/pdftex/pdftex.map}{C:/Users/RAYHAN EGAR/AppData/Local/Programs/MiKTeX/fonts/enc/dvips/base/8r.enc}


] [2] [3] [4]
<LGBM.png, id=27, 572.1375pt x 380.42125pt>
File: LGBM.png Graphic file (type png)
<use LGBM.png>
Package pdftex.def Info: LGBM.png  used on input line 385.
(pdftex.def)             Requested size: 252.0pt x 167.56pt.
<stacking.png, id=28, 513.92pt x 231.86626pt>
File: stacking.png Graphic file (type png)
<use stacking.png>
Package pdftex.def Info: stacking.png  used on input line 409.
(pdftex.def)             Requested size: 252.0pt x 113.69682pt.
 [5 <./LGBM.png> <./stacking.png>]
Underfull \hbox (badness 5008) in paragraph at lines 420--423
[]\OT1/ptm/m/n/10 Dataset ini menye-di-akan fitur-fitur un-tuk melakukan
 []


Underfull \hbox (badness 10000) in paragraph at lines 420--423
\OT1/ptm/m/n/10 prediksi. \OT1/ptm/m/it/10 Home-Planet \OT1/ptm/m/n/10 adalah planet asal penumpang,
 []


Underfull \hbox (badness 1902) in paragraph at lines 420--423
\OT1/ptm/m/it/10 mall, Spa, VRDeck \OT1/ptm/m/n/10 adalah fitur-fitur yang me-nun-jukkan
 []


Underfull \hbox (badness 1708) in paragraph at lines 420--423
\OT1/ptm/m/n/10 pen-gelu-aran penumpang, \OT1/ptm/m/it/10 Trans-ported \OT1/ptm/m/n/10 adalah tar-get class
 []


Underfull \hbox (badness 2903) in paragraph at lines 424--426
\OT1/ptm/m/n/10 fitur ini di-gu-nakan un-tuk mem-prediksi apakah se-o-rang
 []


Underfull \hbox (badness 5008) in paragraph at lines 435--439
[]\OT1/ptm/m/n/10 Dataset ini menye-di-akan fitur-fitur un-tuk melakukan
 []

<churn_distribution.png, id=32, 485.815pt x 503.8825pt>
File: churn_distribution.png Graphic file (type png)
<use churn_distribution.png>
Package pdftex.def Info: churn_distribution.png  used on input line 446.
(pdftex.def)             Requested size: 340.06818pt x 352.71535pt.
<churn_nan.png, id=33, 513.92pt x 196.735pt>
File: churn_nan.png Graphic file (type png)
<use churn_nan.png>
Package pdftex.def Info: churn_nan.png  used on input line 452.
(pdftex.def)             Requested size: 252.0pt x 96.47002pt.
<churn_corr_heatmap.png, id=34, 513.92pt x 432.61626pt>
File: churn_corr_heatmap.png Graphic file (type png)
<use churn_corr_heatmap.png>
Package pdftex.def Info: churn_corr_heatmap.png  used on input line 458.
(pdftex.def)             Requested size: 256.95937pt x 216.3076pt.

Underfull \hbox (badness 3872) in paragraph at lines 470--471
[]\OT1/ptm/m/n/10 'surgery': Apakah kuda terse-but men-jalani op-erasi
 []


Underfull \hbox (badness 10000) in paragraph at lines 476--477
[]\OT1/ptm/m/n/10 'temp of ex-trem-i-ties': Suhu ek-strim-i-tas
 []

[6 <./churn_distribution.png> <./churn_nan.png>]
Underfull \hbox (badness 10000) in paragraph at lines 477--478
[]\OT1/ptm/m/n/10 'peripheral pulse': Denyut nadi per-ifer ('nor-
 []


Underfull \hbox (badness 7151) in paragraph at lines 480--481
[]\OT1/ptm/m/n/10 'pain': Tingkat rasa sakit ('alert'/'depressed'/'mild
 []


Underfull \hbox (badness 10000) in paragraph at lines 481--482
[]\OT1/ptm/m/n/10 'peristalsis': Ger-akan peri-staltik usus ('nor-
 []


Underfull \hbox (badness 10000) in paragraph at lines 482--483
[]\OT1/ptm/m/n/10 'abdominal dis-ten-tion': Dis-tensi ab-dom-i-nal
 []


Underfull \hbox (badness 1776) in paragraph at lines 486--487
[]\OT1/ptm/m/n/10 'rectal exam fe-ces': Hasil pe-merik-saan rek-tal (nor-
 []


Underfull \hbox (badness 10000) in paragraph at lines 487--488
[]\OT1/ptm/m/n/10 'abdomen': Kon-disi pe-rut (nor-mal/firm/distend
 []


Underfull \hbox (badness 10000) in paragraph at lines 495--496
[]\OT1/ptm/m/n/10 'outcome': Hasil akhir ke-se-hatan kuda
 []


Underfull \vbox (badness 7081) has occurred while \output is active []

<horse_distribution.png, id=38, 390.45876pt x 397.485pt>
File: horse_distribution.png Graphic file (type png)
<use horse_distribution.png>
Package pdftex.def Info: horse_distribution.png  used on input line 505.
(pdftex.def)             Requested size: 195.2289pt x 198.742pt.
<horse_feature_description.png, id=39, 331.2375pt x 513.92pt>
File: horse_feature_description.png Graphic file (type png)
<use horse_feature_description.png>
Package pdftex.def Info: horse_feature_description.png  used on input line 511.
(pdftex.def)             Requested size: 165.61833pt x 256.95937pt.
<horse_corr.png, id=40, 513.92pt x 421.575pt>
File: horse_corr.png Graphic file (type png)
<use horse_corr.png>
Package pdftex.def Info: horse_corr.png  used on input line 517.
(pdftex.def)             Requested size: 256.95937pt x 210.78697pt.
 [7 <./churn_corr_heatmap.png> <./horse_distribution.png>]
<KID_Class_Distribution.png, id=45, 354.123pt x 368.577pt>
File: KID_Class_Distribution.png Graphic file (type png)
<use KID_Class_Distribution.png>
Package pdftex.def Info: KID_Class_Distribution.png  used on input line 539.
(pdftex.def)             Requested size: 177.06105pt x 184.28804pt.
<KID_Missing_Values.png, id=47, 622.2447pt x 346.1733pt>
File: KID_Missing_Values.png Graphic file (type png)
<use KID_Missing_Values.png>
Package pdftex.def Info: KID_Missing_Values.png  used on input line 545.
(pdftex.def)             Requested size: 311.1216pt x 173.08621pt.
<KID_Continuous_Features_Correlation_Heatmap.png, id=48, 450.2421pt x 390.9807pt>
File: KID_Continuous_Features_Correlation_Heatmap.png Graphic file (type png)
<use KID_Continuous_Features_Correlation_Heatmap.png>
Package pdftex.def Info: KID_Continuous_Features_Correlation_Heatmap.png  used on input line 551.
(pdftex.def)             Requested size: 225.12048pt x 195.48987pt.
 [8 <./horse_feature_description.png> <./horse_corr.png> <./KID_Class_Distribution.png>] [9 <./KID_Missing_Values.png> <./KID_Continuous_Features_Correlation_Heatmap.png>]
Underfull \hbox (badness 1460) in paragraph at lines 633--637
\OT1/ptm/m/n/10 dalam men-gu-rangi uku-ran dataset dan mem-per-cepat
 []


Underfull \hbox (badness 1688) in paragraph at lines 637--640
\OT1/ptm/m/it/10 der-sam-pling \OT1/ptm/m/n/10 un-tuk men-da-p-atkan ke-se-im-ban-gan yang
 []

[10]
<gridsearch.png, id=61, 300.12125pt x 492.84125pt>
File: gridsearch.png Graphic file (type png)
<use gridsearch.png>
Package pdftex.def Info: gridsearch.png  used on input line 674.
(pdftex.def)             Requested size: 150.06026pt x 246.42001pt.

Underfull \hbox (badness 2213) in paragraph at lines 681--684
\OT1/ptm/m/n/10 ter-hadap \OT1/ptm/m/it/10 hy-per-pa-ram-e-ter tun-ing\OT1/ptm/m/n/10 . Un-tuk men-e-mukan \OT1/ptm/m/it/10 hy-
 []

<optuna.png, id=62, 372.39125pt x 513.92pt>
File: optuna.png Graphic file (type png)
<use optuna.png>
Package pdftex.def Info: optuna.png  used on input line 693.
(pdftex.def)             Requested size: 186.19516pt x 256.95937pt.
<confusionmatrix.png, id=63, 241.90375pt x 241.90375pt>
File: confusionmatrix.png Graphic file (type png)
<use confusionmatrix.png>
Package pdftex.def Info: confusionmatrix.png  used on input line 705.
(pdftex.def)             Requested size: 120.95157pt x 120.95157pt.
[11 <./gridsearch.png> <./optuna.png> <./confusionmatrix.png>]
Underfull \vbox (badness 10000) has occurred while \output is active []


Underfull \hbox (badness 1448) in paragraph at lines 774--777
[]\OT1/ptm/m/n/10 Pada per-cobaan meng-gu-nakan model klasi-fikasi KNN,
 []


Underfull \hbox (badness 10000) in paragraph at lines 774--777
\OT1/ptm/m/n/10 be-ber-apa pa-ram-e-ter (Knn[][]n[]neighbors, Knn[][]weights,
 []


Underfull \hbox (badness 10000) in paragraph at lines 774--777
\OT1/ptm/m/n/10 knn[][]metric) den-gan grid-searchCV dan meng-gu-nakan
 []


Underfull \hbox (badness 4531) in paragraph at lines 781--785
\OT1/ptm/m/n/10 di-ent Boost-ing Ma-chine) meng-gu-nakan stan-dard scaler
 []


Underfull \hbox (badness 3199) in paragraph at lines 781--785
\OT1/ptm/m/n/10 un-tuk scal-ing, hy-per-pa-ram-e-ter tun-ing den-gan pa-ram-e-ter
 []

[12]
<spaceship_log.png, id=72, 428.60126pt x 222.8325pt>
File: spaceship_log.png Graphic file (type png)
<use spaceship_log.png>
Package pdftex.def Info: spaceship_log.png  used on input line 792.
(pdftex.def)             Requested size: 214.3001pt x 111.41597pt.

Underfull \hbox (badness 1496) in paragraph at lines 823--826
\OT1/ptm/m/n/10 ini meng-gu-nakan Grid-SearchCV den-gan pa-ram-e-ter it-er-a-
 []

<churn_log.png, id=73, 241.90375pt x 282.05376pt>
File: churn_log.png Graphic file (type png)
<use churn_log.png>
Package pdftex.def Info: churn_log.png  used on input line 828.
(pdftex.def)             Requested size: 120.95157pt x 141.02652pt.
[13 <./spaceship_log.png>]
Underfull \hbox (badness 3525) in paragraph at lines 843--847
\OT1/ptm/m/n/10 ma-chine learn-ing men-galami serangka-ian langkah yang
 []


Underfull \hbox (badness 1735) in paragraph at lines 843--847
\OT1/ptm/m/n/10 berbeda un-tuk men-ca-pai per-forma ter-baiknya. Al-go-ritma
 []


Underfull \hbox (badness 1902) in paragraph at lines 843--847
\OT1/ptm/m/n/10 Light-GBM me-man-faatkan teknik SMOTE un-tuk menan-
 []

<horse_log.png, id=78, 512.91624pt x 513.92pt>
File: horse_log.png Graphic file (type png)
<use horse_log.png>
Package pdftex.def Info: horse_log.png  used on input line 858.
(pdftex.def)             Requested size: 205.16286pt x 205.56435pt.
[14 <./churn_log.png> <./horse_log.png>]
<KID_Dataset_Selection.png, id=82, 2029.5825pt x 1445.4pt>
File: KID_Dataset_Selection.png Graphic file (type png)
<use KID_Dataset_Selection.png>
Package pdftex.def Info: KID_Dataset_Selection.png  used on input line 872.
(pdftex.def)             Requested size: 252.0pt x 179.46153pt.

Underfull \hbox (badness 2126) in paragraph at lines 877--882
[]\OT1/ptm/m/n/10 Berdasarkan hasil dari dataset se-lec-tion un-tuk berba-
 []

<kid_log.png, id=83, 500.87125pt x 513.92pt>
File: kid_log.png Graphic file (type png)
<use kid_log.png>
Package pdftex.def Info: kid_log.png  used on input line 890.
(pdftex.def)             Requested size: 200.34494pt x 205.56435pt.
[15 <./KID_Dataset_Selection.png> <./kid_log.png>]
Underfull \hbox (badness 10000) in paragraph at lines 928--929
[]\OT1/ptm/m/n/10 Kode pro-gram yang di-gu-nakan dalam studi
 []


Underfull \hbox (badness 2229) in paragraph at lines 928--929
\OT1/ptm/m/n/10 kom-parasi al-go-ritma klasi-fikasi \OT1/ptm/m/it/10 Su-per-vised Learn-ing
 []


Underfull \hbox (badness 3884) in paragraph at lines 928--929
\OT1/ptm/m/n/10 pada ar-tikel ini da-p-at-di-ak-ses pada tau-tan berikut:
 []


Underfull \hbox (badness 6284) in paragraph at lines 929--930
[]\OT1/ptm/m/n/10 Laporan kon-tribusi dan la-po-ran ke-ma-juan se-lama
 []


Underfull \hbox (badness 2689) in paragraph at lines 929--930
\OT1/ptm/m/n/10 proses studi kom-parasi al-go-ritma klasi-fikasi \OT1/ptm/m/it/10 Su-per-
 []


Underfull \hbox (badness 3058) in paragraph at lines 929--930
\OT1/ptm/m/it/10 vised Learn-ing \OT1/ptm/m/n/10 da-pat di-ak-ses pada tau-tan berikut:
 []


Underfull \hbox (badness 10000) in paragraph at lines 934--935
[]\OT1/ptm/m/n/8 \Machine Learn-ing," Cours-era, 2018.
 []


Underfull \hbox (badness 5161) in paragraph at lines 935--936
[]\OT1/ptm/m/n/8 Machine Learn-ing, \Ma-chine Learn-ing," IEEE Dat-a-Port, 2024.
 []


Underfull \hbox (badness 1389) in paragraph at lines 939--940
\OT1/ptm/m/n/8 ''Covid-19 Sever-ity Clas-si-fi-ca-tion Us-ing Su-per-vised Learn-ing Ap-
 []


Underfull \hbox (badness 3525) in paragraph at lines 943--944
[]\OT1/ptm/m/n/8 K. Yuk Car-rie Lin, ''Op-ti-miz-ing vari-able se-lec-tion and neigh-
 []


Underfull \hbox (badness 1389) in paragraph at lines 943--944
\OT1/ptm/m/n/8 bour-hood size in the K-nearest neigh-bour al-go-rithm,'' Com-put-ers
 []


Underfull \hbox (badness 2809) in paragraph at lines 944--945
\OT1/ptm/m/n/8 tern Recog-ni-tion Let-ters, vol. 109, pp. 44--54, Jul. 2018, doi:
 []


Underfull \hbox (badness 1990) in paragraph at lines 948--949
[]\OT1/ptm/m/n/8 F. Aaboub, H. Cham-lal, and T. Ouaderhman, ''Anal-y-sis of the
 []


Underfull \hbox (badness 1418) in paragraph at lines 948--949
\OT1/ptm/m/n/8 In-ter-na-tional Con-fer-ence on De-ci-sion Aid Sci-ences and Ap-pli-ca-
 []

[16]
Underfull \hbox (badness 2469) in paragraph at lines 960--961
[]\OT1/ptm/m/n/8 C. P. Ananda, ''Ma-chine Learn-ing Un-tuk Prediksi Gaya Hidup
 []


** Conference Paper **
Before submitting the final camera ready copy, remember to:

 1. Manually equalize the lengths of two columns on the last page
 of your paper;

 2. Ensure that any PostScript and/or PDF output post-processing
 uses only Type 1 fonts and that every step in the generation
 process uses the appropriate paper size.

[17] (Final_Project_PPM.aux)
 ***********
LaTeX2e <2023-11-01> patch level 1
L3 programming layer <2024-03-14>
 ***********
 ) 
Here is how much of TeX's memory you used:
 4405 strings out of 474424
 71563 string characters out of 5738871
 1950496 words of memory out of 5000000
 26720 multiletter control sequences out of 15000+600000
 596710 words of font info for 111 fonts, out of 8000000 for 9000
 1141 hyphenation exceptions out of 8191
 57i,11n,65p,510b,336s stack positions out of 10000i,1000n,20000p,200000b,200000s
<C:/Users/RAYHAN EGAR/AppData/Local/Programs/MiKTeX/fonts/type1/public/amsfonts/cm/cmex10.pfb><C:/Users/RAYHAN EGAR/AppData/Local/Programs/MiKTeX/fonts/type1/public/amsfonts/cm/cmmi10.pfb><C:/Users/RAYHAN EGAR/AppData/Local/Programs/MiKTeX/fonts/type1/public/amsfonts/cm/cmmi5.pfb><C:/Users/RAYHAN EGAR/AppData/Local/Programs/MiKTeX/fonts/type1/public/amsfonts/cm/cmmi7.pfb><C:/Users/RAYHAN EGAR/AppData/Local/Programs/MiKTeX/fonts/type1/public/amsfonts/cm/cmr10.pfb><C:/Users/RAYHAN EGAR/AppData/Local/Programs/MiKTeX/fonts/type1/public/amsfonts/cm/cmr5.pfb><C:/Users/RAYHAN EGAR/AppData/Local/Programs/MiKTeX/fonts/type1/public/amsfonts/cm/cmr7.pfb><C:/Users/RAYHAN EGAR/AppData/Local/Programs/MiKTeX/fonts/type1/public/amsfonts/cm/cmsy10.pfb><C:/Users/RAYHAN EGAR/AppData/Local/Programs/MiKTeX/fonts/type1/public/amsfonts/cm/cmsy7.pfb><C:/Users/RAYHAN EGAR/AppData/Local/Programs/MiKTeX/fonts/type1/urw/times/utmb8a.pfb><C:/Users/RAYHAN EGAR/AppData/Local/Programs/MiKTeX/fonts/type1/urw/times/utmbi8a.pfb><C:/Users/RAYHAN EGAR/AppData/Local/Programs/MiKTeX/fonts/type1/urw/times/utmr8a.pfb><C:/Users/RAYHAN EGAR/AppData/Local/Programs/MiKTeX/fonts/type1/urw/times/utmri8a.pfb>
Output written on Final_Project_PPM.pdf (17 pages, 1108303 bytes).
PDF statistics:
 149 PDF objects out of 1000 (max. 8388607)
 0 named destinations out of 1000 (max. 500000)
 96 words of extra memory for PDF output out of 10000 (max. 10000000)

